<?xml version="1.0" encoding="UTF-8"?>
<!-- Generated by org.testng.reporters.JUnitReportReporter -->
<testsuite hostname="DESKTOP-L3SNEAC" failures="0" tests="2" name="TestNGStudy.Example01_TestNG" time="30.237" errors="0" timestamp="2022-06-30T14:43:41 IST" skipped="0">
  <testcase classname="TestNGStudy.Example01_TestNG" name="MyMethod1" time="9.078"/>
  <system-out>
    <![CDATA[Hi, I am Google]]>
  </system-out>
  <testcase classname="TestNGStudy.Example01_TestNG" name="MyMethod" time="21.159"/>
  <system-out>
    <![CDATA[HI, I am Amol Gunjal
Hi, I am Amol Gunjal From Nashik]]>
  </system-out>
</testsuite> <!-- TestNGStudy.Example01_TestNG -->
