<?xml version="1.0" encoding="UTF-8"?>
<!-- Generated by org.testng.reporters.JUnitReportReporter -->
<testsuite hostname="DESKTOP-L3SNEAC" failures="0" tests="3" name="TestNGKeyWords.PriorityUse" time="0.009" errors="0" timestamp="2022-06-30T14:23:00 IST" skipped="0">
  <testcase classname="TestNGKeyWords.PriorityUse" name="c" time="0.007"/>
  <system-out>
    <![CDATA[c is running]]>
  </system-out>
  <testcase classname="TestNGKeyWords.PriorityUse" name="v" time="0.001"/>
  <system-out>
    <![CDATA[v is running]]>
  </system-out>
  <testcase classname="TestNGKeyWords.PriorityUse" name="a" time="0.001"/>
  <system-out>
    <![CDATA[a is running]]>
  </system-out>
</testsuite> <!-- TestNGKeyWords.PriorityUse -->
