<?xml version="1.0" encoding="UTF-8"?>
<!-- Generated by org.testng.reporters.JUnitReportReporter -->
<testsuite hostname="DESKTOP-L3SNEAC" failures="0" tests="2" name="CrossBrowserTest.CrossBrowserTesting" time="76.281" errors="0" timestamp="2022-07-07T20:16:52 IST" skipped="0">
  <testcase classname="CrossBrowserTest.CrossBrowserTesting" name="myMethod" time="25.909"/>
  <system-out/>
  <testcase classname="CrossBrowserTest.CrossBrowserTesting" name="myMethod" time="50.372"/>
  <system-out/>
</testsuite> <!-- CrossBrowserTest.CrossBrowserTesting -->
