<?xml version="1.0" encoding="UTF-8"?>
<!-- Generated by org.testng.reporters.JUnitReportReporter -->
<testsuite hostname="DESKTOP-L3SNEAC" failures="0" tests="2" name="IncludeExclude.MyTestClass" time="0.010" errors="0" timestamp="2022-07-05T13:49:44 IST" skipped="0">
  <testcase classname="IncludeExclude.MyTestClass" name="c" time="0.009"/>
  <system-out>
    <![CDATA[c is running]]>
  </system-out>
  <testcase classname="IncludeExclude.MyTestClass" name="v" time="0.001"/>
  <system-out>
    <![CDATA[v is running]]>
  </system-out>
</testsuite> <!-- IncludeExclude.MyTestClass -->
