<?xml version="1.0" encoding="UTF-8"?>
<!-- Generated by org.testng.reporters.JUnitReportReporter -->
<testsuite hostname="DESKTOP-L3SNEAC" failures="0" tests="3" name="ListenerStudy.TestClass" time="0.008" errors="0" timestamp="2022-07-06T23:58:40 IST" skipped="0">
  <testcase classname="ListenerStudy.TestClass" name="b" time="0.007"/>
  <system-out>
    <![CDATA[b running
Test passed successfully]]>
  </system-out>
  <testcase classname="ListenerStudy.TestClass" name="a" time="0.000"/>
  <system-out>
    <![CDATA[a running
Test passed successfully]]>
  </system-out>
  <testcase classname="ListenerStudy.TestClass" name="c" time="0.001"/>
  <system-out>
    <![CDATA[c running
Test passed successfully]]>
  </system-out>
</testsuite> <!-- ListenerStudy.TestClass -->
