<?xml version="1.0" encoding="UTF-8"?>
<!-- Generated by org.testng.reporters.JUnitReportReporter -->
<testsuite hostname="DESKTOP-L3SNEAC" failures="0" tests="1" name="KiteTest.ValidateKiteUserID" time="6.880" errors="0" timestamp="2022-07-06T15:24:56 IST" skipped="0">
  <testcase classname="KiteTest.ValidateKiteUserID" name="ValidateUserID" time="6.880"/>
  <system-out/>
</testsuite> <!-- KiteTest.ValidateKiteUserID -->
