<?xml version="1.0" encoding="UTF-8"?>
<!-- Generated by org.testng.reporters.JUnitReportReporter -->
<testsuite hostname="DESKTOP-L3SNEAC" failures="0" tests="1" name="CrossBrowserTest.Firefox_Test" time="33.240" errors="0" timestamp="2022-07-03T13:30:34 IST" skipped="0">
  <testcase classname="CrossBrowserTest.Firefox_Test" name="myMethod" time="33.240"/>
  <system-out/>
</testsuite> <!-- CrossBrowserTest.Firefox_Test -->
