<?xml version="1.0" encoding="UTF-8"?>
<!-- Generated by org.testng.reporters.JUnitReportReporter -->
<testsuite hostname="DESKTOP-L3SNEAC" failures="0" tests="1" name="TestNG_Study01.Annotation_Study1" time="0.008" errors="0" timestamp="2022-06-22T19:47:35 IST" skipped="0">
  <testcase classname="TestNG_Study01.Annotation_Study1" name="rechargePhone" time="0.008"/>
  <system-out>
    <![CDATA[Recharge done]]>
  </system-out>
</testsuite> <!-- TestNG_Study01.Annotation_Study1 -->
