<?xml version="1.0" encoding="UTF-8"?>
<!-- Generated by org.testng.reporters.JUnitReportReporter -->
<testsuite hostname="DESKTOP-L3SNEAC" failures="0" tests="1" name="ParallelAndSerialExecution.MyClass2" time="11.114" errors="0" timestamp="2022-06-30T15:05:22 IST" skipped="0">
  <testcase classname="ParallelAndSerialExecution.MyClass2" name="Mymethod1" time="11.114"/>
  <system-out/>
</testsuite> <!-- ParallelAndSerialExecution.MyClass2 -->
