<?xml version="1.0" encoding="UTF-8"?>
<!-- Generated by org.testng.reporters.JUnitReportReporter -->
<testsuite hostname="DESKTOP-L3SNEAC" failures="0" tests="3" name="TestNGKeyWords.InvocationCountUse" time="0.013" errors="0" timestamp="2022-06-30T14:22:03 IST" skipped="0">
  <testcase classname="TestNGKeyWords.InvocationCountUse" name="myTest" time="0.006"/>
  <system-out>
    <![CDATA[Hello]]>
  </system-out>
  <testcase classname="TestNGKeyWords.InvocationCountUse" name="myTest" time="0.006"/>
  <system-out>
    <![CDATA[Hello]]>
  </system-out>
  <testcase classname="TestNGKeyWords.InvocationCountUse" name="myTest" time="0.001"/>
  <system-out>
    <![CDATA[Hello]]>
  </system-out>
</testsuite> <!-- TestNGKeyWords.InvocationCountUse -->
