<?xml version="1.0" encoding="UTF-8"?>
<!-- Generated by org.testng.reporters.JUnitReportReporter -->
<testsuite hostname="DESKTOP-L3SNEAC" failures="0" tests="1" name="KiteTest.ValidateKiteUserIDUsingProperty" time="3.899" errors="0" timestamp="2022-07-07T00:02:12 IST" skipped="0">
  <testcase classname="KiteTest.ValidateKiteUserIDUsingProperty" name="validateUserID" time="3.899"/>
  <system-out>
    <![CDATA[Test passed successfully]]>
  </system-out>
</testsuite> <!-- KiteTest.ValidateKiteUserIDUsingProperty -->
