<?xml version="1.0" encoding="UTF-8"?>
<!-- Generated by org.testng.reporters.JUnitReportReporter -->
<testsuite hostname="DESKTOP-L3SNEAC" failures="0" tests="2" name="TestNG_Study01.Annotation_Study" time="0.011" errors="0" timestamp="2022-06-24T12:07:10 IST" skipped="0">
  <testcase classname="TestNG_Study01.Annotation_Study" name="validateUserID" time="0.003"/>
  <system-out>
    <![CDATA[User ID Validated]]>
  </system-out>
  <testcase classname="TestNG_Study01.Annotation_Study" name="validateDashBoard" time="0.008"/>
  <system-out>
    <![CDATA[DashBoard Validated]]>
  </system-out>
</testsuite> <!-- TestNG_Study01.Annotation_Study -->
