<?xml version="1.0" encoding="UTF-8"?>
<!-- Generated by org.testng.reporters.JUnitReportReporter -->
<testsuite hostname="DESKTOP-L3SNEAC" failures="0" tests="1" name="verificationUsingTestNG.SoftAssertUse3" time="0.019" errors="0" timestamp="2022-06-29T19:00:04 IST" skipped="0">
  <testcase classname="verificationUsingTestNG.SoftAssertUse3" name="myMethod" time="0.019"/>
  <system-out>
    <![CDATA[TC passed, Value is not null]]>
  </system-out>
</testsuite> <!-- verificationUsingTestNG.SoftAssertUse3 -->
