<?xml version="1.0" encoding="UTF-8"?>
<!-- Generated by org.testng.reporters.JUnitReportReporter -->
<testsuite hostname="DESKTOP-L3SNEAC" failures="0" tests="3" name="TestNGKeyWords.EnableUse" time="0.009" errors="0" timestamp="2022-06-30T14:25:47 IST" skipped="1">
  <testcase classname="TestNGKeyWords.EnableUse" name="c" time="0.008"/>
  <system-out>
    <![CDATA[c is running]]>
  </system-out>
  <testcase classname="TestNGKeyWords.EnableUse" name="v" time="0.001"/>
  <system-out>
    <![CDATA[v is running]]>
  </system-out>
  <testcase classname="TestNGKeyWords.EnableUse" name="a">
    <skipped/>
  </testcase> <!-- a -->
  <system-out/>
</testsuite> <!-- TestNGKeyWords.EnableUse -->
