<?xml version="1.0" encoding="UTF-8"?>
<!-- Generated by org.testng.reporters.JUnitReportReporter -->
<testsuite hostname="DESKTOP-L3SNEAC" failures="0" tests="2" name="IncludeExclude.MyTestClass2" time="0.002" errors="0" timestamp="2022-07-01T00:54:23 IST" skipped="0">
  <testcase classname="IncludeExclude.MyTestClass2" name="z" time="0.001"/>
  <system-out>
    <![CDATA[z is running]]>
  </system-out>
  <testcase classname="IncludeExclude.MyTestClass2" name="x" time="0.001"/>
  <system-out>
    <![CDATA[x is running]]>
  </system-out>
</testsuite> <!-- IncludeExclude.MyTestClass2 -->
