<?xml version="1.0" encoding="UTF-8"?>
<!-- Generated by org.testng.reporters.JUnitReportReporter -->
<testsuite hostname="DESKTOP-L3SNEAC" failures="0" tests="1" name="verificationUsingTestNG.SoftAssertUse2" time="0.014" errors="0" timestamp="2022-06-29T18:45:46 IST" skipped="0">
  <testcase classname="verificationUsingTestNG.SoftAssertUse2" name="myMethod" time="0.014"/>
  <system-out>
    <![CDATA[value is false, TC Passed]]>
  </system-out>
</testsuite> <!-- verificationUsingTestNG.SoftAssertUse2 -->
