<?xml version="1.0" encoding="UTF-8"?>
<!-- Generated by org.testng.reporters.JUnitReportReporter -->
<testsuite hostname="DESKTOP-L3SNEAC" failures="0" tests="1" name="TestNG_KeyWords_Grouping.MyTestClass01" time="0.001" errors="0" timestamp="2022-07-01T01:02:52 IST" skipped="0">
  <testcase classname="TestNG_KeyWords_Grouping.MyTestClass01" name="c" time="0.001"/>
  <system-out>
    <![CDATA[c is running, sanity]]>
  </system-out>
</testsuite> <!-- TestNG_KeyWords_Grouping.MyTestClass01 -->
