<?xml version="1.0" encoding="UTF-8"?>
<!-- Generated by org.testng.reporters.JUnitReportReporter -->
<testsuite hostname="DESKTOP-L3SNEAC" failures="0" tests="2" name="TestNG_KeyWords_Grouping.MyTestClass02" time="0.011" errors="0" timestamp="2022-07-01T01:02:52 IST" skipped="0">
  <testcase classname="TestNG_KeyWords_Grouping.MyTestClass02" name="r" time="0.001"/>
  <system-out>
    <![CDATA[r is running, sanity]]>
  </system-out>
  <testcase classname="TestNG_KeyWords_Grouping.MyTestClass02" name="p" time="0.010"/>
  <system-out>
    <![CDATA[p is running, sanity]]>
  </system-out>
</testsuite> <!-- TestNG_KeyWords_Grouping.MyTestClass02 -->
