<?xml version="1.0" encoding="UTF-8"?>
<!-- Generated by org.testng.reporters.JUnitReportReporter -->
<testsuite hostname="DESKTOP-L3SNEAC" failures="0" tests="1" name="verificationUsingTestNG.AssertEqualsUse" time="0.031" errors="0" timestamp="2022-06-28T17:52:34 IST" skipped="0">
  <testcase classname="verificationUsingTestNG.AssertEqualsUse" name="myMethod" time="0.031"/>
  <system-out>
    <![CDATA[a and b values are not matching, TC passed]]>
  </system-out>
</testsuite> <!-- verificationUsingTestNG.AssertEqualsUse -->
