<?xml version="1.0" encoding="UTF-8"?>
<!-- Generated by org.testng.reporters.JUnitReportReporter -->
<testsuite hostname="DESKTOP-L3SNEAC" failures="0" tests="1" name="KitePOMUsingTestNG.ValidateKiteAppUserName" time="7.989" errors="0" timestamp="2022-07-06T12:07:42 IST" skipped="0">
  <testcase classname="KitePOMUsingTestNG.ValidateKiteAppUserName" name="validateUserName" time="7.989"/>
  <system-out>
    <![CDATA[Validating UserName
Actual and Expected UN are Matching, TC Passed]]>
  </system-out>
</testsuite> <!-- KitePOMUsingTestNG.ValidateKiteAppUserName -->
